<?xml version="1.0" encoding="UTF-8"?>
<testng-results skipped="0" failed="0" total="1" passed="1">
  <reporter-output>
  </reporter-output>
  <suite name="Default suite" duration-ms="107305" started-at="2016-02-07T08:53:52Z" finished-at="2016-02-07T08:55:39Z">
    <groups>
    </groups>
    <test name="Default test" duration-ms="107305" started-at="2016-02-07T08:53:52Z" finished-at="2016-02-07T08:55:39Z">
      <class name="test.BuyStampsTest">
        <test-method status="PASS" signature="testSetup()[pri:0, instance:test.BuyStampsTest@ba4d54]" name="testSetup" is-config="true" duration-ms="55717" started-at="2016-02-07T00:53:52Z" finished-at="2016-02-07T00:54:48Z">
          <reporter-output>
          </reporter-output>
        </test-method> <!-- testSetup -->
        <test-method status="PASS" signature="stampFromPostalStore()[pri:0, instance:test.BuyStampsTest@ba4d54]" name="stampFromPostalStore" duration-ms="51562" started-at="2016-02-07T00:54:48Z" finished-at="2016-02-07T00:55:39Z">
          <reporter-output>
          </reporter-output>
        </test-method> <!-- stampFromPostalStore -->
      </class> <!-- test.BuyStampsTest -->
    </test> <!-- Default test -->
  </suite> <!-- Default suite -->
</testng-results>
